<?xml version="1.0" encoding="UTF-8"?>
<!-- Generated by org.testng.reporters.JUnitXMLReporter -->
<testsuite ignored="1" hostname="DESKTOP-L3MJ2C4" failures="0" tests="2" name="Test" time="37.026" errors="0" timestamp="2024-08-19T21:06:53 IST">
  <testcase classname="Vtiger.contect.reposotory.ToCreateContect" name="toCreatContect_001" time="19.151"/>
  <testcase classname="Vtiger.contect.reposotory.ToCreateOrgnazation" name="toCreateOrgnazationTc_001" time="20.536"/>
  <testcase classname="GenericUtility.BaseClass" name="@BeforeSuite beforsuifconfig" time="0.0">
    <ignored/>
  </testcase> <!-- @BeforeSuite beforsuifconfig -->
</testsuite> <!-- Test -->
